<?xml version="1.0" encoding="UTF-8"?>
<!-- Generated by org.testng.reporters.JUnitXMLReporter -->
<testsuite ignored="1" hostname="NIS-PK225s-MacBook-Pro.local" failures="0" tests="4" name="Default test" time="0.041" errors="0" timestamp="2022-07-25T19:50:02 PKT">
  <testcase classname="test.Base2" name="DataProvider" time="0.009"/>
  <testcase classname="test.Base2" name="DataProvider" time="0.001"/>
  <testcase classname="test.Base2" name="DataProvider" time="0.001"/>
  <testcase classname="test.Base2" name="name3" time="0.001"/>
  <testcase classname="test.Base2" name="name4" time="0.0">
    <ignored/>
  </testcase> <!-- name4 -->
</testsuite> <!-- Default test -->
