<?xml version="1.0" encoding="UTF-8"?>
<!-- Generated by org.testng.reporters.JUnitXMLReporter -->
<testsuite ignored="1" hostname="NIS-PK225s-MacBook-Pro.local" failures="0" tests="7" name="Test" time="0.047" errors="0" timestamp="2022-07-25T18:50:37 PKT">
  <testcase classname="test.Base" name="name" time="0.007"/>
  <testcase classname="test.Base" name="name2" time="0.001"/>
  <testcase classname="test.Base3" name="MobileAPILogin" time="0.001"/>
  <testcase classname="test.Base3" name="MobileAPILogout" time="0.0"/>
  <testcase classname="test.Base3" name="MobileLoginPassword" time="0.001"/>
  <testcase classname="test.Base3" name="WebLoginPassword" time="0.001"/>
  <testcase classname="test.Base2" name="name3" time="0.0"/>
  <testcase classname="test.Base2" name="name4" time="0.0">
    <ignored/>
  </testcase> <!-- name4 -->
</testsuite> <!-- Test -->
