<?xml version="1.0" encoding="UTF-8"?>
<!-- Generated by org.testng.reporters.JUnitXMLReporter -->
<testsuite ignored="1" hostname="NIS-PK225s-MacBook-Pro.local" failures="0" tests="10" name="Test2" time="0.057" errors="0" timestamp="2022-07-25T20:21:06 PKT">
  <testcase classname="test.Base2" name="DataProvider" time="0.008"/>
  <testcase classname="test.Base2" name="DataProvider" time="0.002"/>
  <testcase classname="test.Base2" name="DataProvider" time="0.001"/>
  <testcase classname="test.Base2" name="name3" time="0.001"/>
  <testcase classname="test.Base" name="name" time="0.002"/>
  <testcase classname="test.Base" name="name2" time="0.001"/>
  <testcase classname="test.Base3" name="MobileAPILogin" time="0.002"/>
  <testcase classname="test.Base3" name="MobileAPILogout" time="0.001"/>
  <testcase classname="test.Base3" name="MobileLoginPassword" time="0.001"/>
  <testcase classname="test.Base3" name="WebLoginPassword" time="0.001"/>
  <testcase classname="test.Base2" name="name4" time="0.0">
    <ignored/>
  </testcase> <!-- name4 -->
</testsuite> <!-- Test2 -->
